================================================================================
GIGANTIC Phylonames Workflow Run Log
================================================================================

## Run Information

Timestamp:      2026-03-05 22:46:54
Project Name:   species71
Status:         SUCCESS

## Input

Species File:   final_project_mapping.tsv
Species Count:  71

Species List:
  - genus_species (Genus_species or Genus_species_subspecies format)	phyloname (final phyloname with UNOFFICIAL markers where applicable)	phyloname_taxonid (phyloname with NCBI taxon ID suffix)	source (NCBI for auto-generated or USER for user-provided)	original_ncbi_phyloname (original NCBI-generated phyloname before user override)
  - Abeoforma_whisleri	HolozoaUNOFFICIAL_Phylum10919UNOFFICIAL_Ichthyosporea_Ichthyophonida_Family10932UNOFFICIAL_Abeoforma_whisleri	HolozoaUNOFFICIAL_Phylum10919UNOFFICIAL_Ichthyosporea_Ichthyophonida_Family10932UNOFFICIAL_Abeoforma_whisleri___749232	USER	Kingdom10919_Phylum10918_Ichthyosporea_Ichthyophonida_Family10931_Abeoforma_whisleri
  - Acropora_muricata	Metazoa_Cnidaria_Anthozoa_Scleractinia_Acroporidae_Acropora_muricata	Metazoa_Cnidaria_Anthozoa_Scleractinia_Acroporidae_Acropora_muricata___159855	NCBI	Metazoa_Cnidaria_Anthozoa_Scleractinia_Acroporidae_Acropora_muricata
  - Adineta_vaga	Metazoa_Rotifera_Eurotatoria_Adinetida_Adinetidae_Adineta_vaga	Metazoa_Rotifera_Eurotatoria_Adinetida_Adinetidae_Adineta_vaga___104782	NCBI	Metazoa_Rotifera_Eurotatoria_Adinetida_Adinetidae_Adineta_vaga
  - Amphiscolops_sp_MND2022	Metazoa_Xenacoelomorpha_Class20917_Acoela_Convolutidae_Amphiscolops_sp_MND2022	Metazoa_Xenacoelomorpha_Class20917_Acoela_Convolutidae_Amphiscolops_sp_MND2022___2979135	NCBI	Metazoa_Xenacoelomorpha_Class20917_Acoela_Convolutidae_Amphiscolops_sp_MND2022
  - Aplysia_californica	Metazoa_Mollusca_Gastropoda_Aplysiida_Aplysiidae_Aplysia_californica	Metazoa_Mollusca_Gastropoda_Aplysiida_Aplysiidae_Aplysia_californica___6500	NCBI	Metazoa_Mollusca_Gastropoda_Aplysiida_Aplysiidae_Aplysia_californica
  - Berghia_stephanieae	Metazoa_Mollusca_Gastropoda_Nudibranchia_Aeolidiidae_Berghia_stephanieae	Metazoa_Mollusca_Gastropoda_Nudibranchia_Aeolidiidae_Berghia_stephanieae___1287507	NCBI	Metazoa_Mollusca_Gastropoda_Nudibranchia_Aeolidiidae_Berghia_stephanieae
  - Beroe_ovata	Metazoa_Ctenophora_Nuda_Beroida_Beroidae_Beroe_ovata	Metazoa_Ctenophora_Nuda_Beroida_Beroidae_Beroe_ovata___10201	NCBI	Metazoa_Ctenophora_Nuda_Beroida_Beroidae_Beroe_ovata
  - Biomphalaria_glabrata	Metazoa_Mollusca_Gastropoda_Order19853_Planorbidae_Biomphalaria_glabrata	Metazoa_Mollusca_Gastropoda_Order19853_Planorbidae_Biomphalaria_glabrata___6526	NCBI	Metazoa_Mollusca_Gastropoda_Order19853_Planorbidae_Biomphalaria_glabrata
  - Bolinopsis_microptera	Metazoa_Ctenophora_Tentaculata_Lobata_Bolinopsidae_Bolinopsis_microptera	Metazoa_Ctenophora_Tentaculata_Lobata_Bolinopsidae_Bolinopsis_microptera___2820187	NCBI	Metazoa_Ctenophora_Tentaculata_Lobata_Bolinopsidae_Bolinopsis_microptera
  - Branchiostoma_lanceolatum	Metazoa_Chordata_Leptocardii_Amphioxiformes_Branchiostomatidae_Branchiostoma_lanceolatum	Metazoa_Chordata_Leptocardii_Amphioxiformes_Branchiostomatidae_Branchiostoma_lanceolatum___7740	NCBI	Metazoa_Chordata_Leptocardii_Amphioxiformes_Branchiostomatidae_Branchiostoma_lanceolatum
  - Caenorhabditis_elegans	Metazoa_Nematoda_Chromadorea_Rhabditida_Rhabditidae_Caenorhabditis_elegans	Metazoa_Nematoda_Chromadorea_Rhabditida_Rhabditidae_Caenorhabditis_elegans___6239	NCBI	Metazoa_Nematoda_Chromadorea_Rhabditida_Rhabditidae_Caenorhabditis_elegans
  - Capsaspora_owczarzaki	HolozoaUNOFFICIAL_Phylum6562UNOFFICIAL_Filasterea_Order6565UNOFFICIAL_Family6564UNOFFICIAL_Capsaspora_owczarzaki	HolozoaUNOFFICIAL_Phylum6562UNOFFICIAL_Filasterea_Order6565UNOFFICIAL_Family6564UNOFFICIAL_Capsaspora_owczarzaki___192875	USER	Kingdom6562_Phylum6561_Filasterea_Order6564_Family6563_Capsaspora_owczarzaki
  - Chaetoderma_sp_LZ_2023a	Metazoa_Mollusca_Caudofoveata_Chaetodermatida_Chaetodermatidae_Chaetoderma_sp_LZ_2023a	Metazoa_Mollusca_Caudofoveata_Chaetodermatida_Chaetodermatidae_Chaetoderma_sp_LZ_2023a___3077178	NCBI	Metazoa_Mollusca_Caudofoveata_Chaetodermatida_Chaetodermatidae_Chaetoderma_sp_LZ_2023a
  - Chondrosia_reniformis	Metazoa_Porifera_Demospongiae_Chondrillida_Chondrillidae_Chondrosia_reniformis	Metazoa_Porifera_Demospongiae_Chondrillida_Chondrillidae_Chondrosia_reniformis___68574	NCBI	Metazoa_Porifera_Demospongiae_Chondrillida_Chondrillidae_Chondrosia_reniformis
  - Chromosphaera_perkinsii	HolozoaUNOFFICIAL_Phylum10919UNOFFICIAL_IchthyosporeaUNOFFICIAL_DermocystidaUNOFFICIAL_Family6500UNOFFICIAL_Chromosphaera_perkinsii	HolozoaUNOFFICIAL_Phylum10919UNOFFICIAL_IchthyosporeaUNOFFICIAL_DermocystidaUNOFFICIAL_Family6500UNOFFICIAL_Chromosphaera_perkinsii___0	USER	NOTINNCBI_NOTINNCBI_NOTINNCBI_NOTINNCBI_NOTINNCBI_Chromosphaera_perkinsii
  - Cladtertia_collaboinventa	Metazoa_Placozoa_Uniplacotomia_Hoilungea_Cladtertiidae_Cladtertia_collaboinventa	Metazoa_Placozoa_Uniplacotomia_Hoilungea_Cladtertiidae_Cladtertia_collaboinventa___3317277	NCBI	Metazoa_Placozoa_Uniplacotomia_Hoilungea_Cladtertiidae_Cladtertia_collaboinventa
  - Convolutriloba_macropyga	Metazoa_Xenacoelomorpha_Class20917_Acoela_Sagittiferidae_Convolutriloba_macropyga	Metazoa_Xenacoelomorpha_Class20917_Acoela_Sagittiferidae_Convolutriloba_macropyga___536237	NCBI	Metazoa_Xenacoelomorpha_Class20917_Acoela_Sagittiferidae_Convolutriloba_macropyga
  - Corallochytrium_limacisporum	HolozoaUNOFFICIAL_Phylum21801UNOFFICIAL_Class21800UNOFFICIAL_Order21799UNOFFICIAL_Family21798UNOFFICIAL_Corallochytrium_limacisporum	HolozoaUNOFFICIAL_Phylum21801UNOFFICIAL_Class21800UNOFFICIAL_Order21799UNOFFICIAL_Family21798UNOFFICIAL_Corallochytrium_limacisporum___98351	USER	Kingdom21801_Phylum21800_Class21799_Order21798_Family21797_Corallochytrium_limacisporum
  - Corticium_candelabrum	Metazoa_Porifera_Homoscleromorpha_Homosclerophorida_Plakinidae_Corticium_candelabrum	Metazoa_Porifera_Homoscleromorpha_Homosclerophorida_Plakinidae_Corticium_candelabrum___121492	NCBI	Metazoa_Porifera_Homoscleromorpha_Homosclerophorida_Plakinidae_Corticium_candelabrum
  - Crassostrea_virginica	Metazoa_Mollusca_Bivalvia_Ostreida_Ostreidae_Crassostrea_virginica	Metazoa_Mollusca_Bivalvia_Ostreida_Ostreidae_Crassostrea_virginica___6565	NCBI	Metazoa_Mollusca_Bivalvia_Ostreida_Ostreidae_Crassostrea_virginica
  - Creolimax_fragrantissima	HolozoaUNOFFICIAL_Phylum10919UNOFFICIAL_Ichthyosporea_Ichthyophonida_Family10935UNOFFICIAL_Creolimax_fragrantissima	HolozoaUNOFFICIAL_Phylum10919UNOFFICIAL_Ichthyosporea_Ichthyophonida_Family10935UNOFFICIAL_Creolimax_fragrantissima___470921	USER	Kingdom10919_Phylum10918_Ichthyosporea_Ichthyophonida_Family10934_Creolimax_fragrantissima
  - Dicyema_japonicum	Metazoa_Dicyemida_Rhombozoa_Order18900_Dicyemidae_Dicyema_japonicum	Metazoa_Dicyemida_Rhombozoa_Order18900_Dicyemidae_Dicyema_japonicum___399803	NCBI	Metazoa_Dicyemida_Rhombozoa_Order18900_Dicyemidae_Dicyema_japonicum
  - Drosophila_melanogaster	Metazoa_Arthropoda_Insecta_Diptera_Drosophilidae_Drosophila_melanogaster	Metazoa_Arthropoda_Insecta_Diptera_Drosophilidae_Drosophila_melanogaster___7227	NCBI	Metazoa_Arthropoda_Insecta_Diptera_Drosophilidae_Drosophila_melanogaster
  - Dysidea_avara	Metazoa_Porifera_Demospongiae_Dictyoceratida_Dysideidae_Dysidea_avara	Metazoa_Porifera_Demospongiae_Dictyoceratida_Dysideidae_Dysidea_avara___196820	NCBI	Metazoa_Porifera_Demospongiae_Dictyoceratida_Dysideidae_Dysidea_avara
  - Ephydatia_muelleri	Metazoa_Porifera_Demospongiae_Spongillida_Spongillidae_Ephydatia_muelleri	Metazoa_Porifera_Demospongiae_Spongillida_Spongillidae_Ephydatia_muelleri___6052	NCBI	Metazoa_Porifera_Demospongiae_Spongillida_Spongillidae_Ephydatia_muelleri
  - Fonticula_alba	HolomycotaUNOFFICIAL_Phylum21789UNOFFICIAL_Class21788UNOFFICIAL_Rotosphaerida_Fonticulaceae_Fonticula_alba	HolomycotaUNOFFICIAL_Phylum21789UNOFFICIAL_Class21788UNOFFICIAL_Rotosphaerida_Fonticulaceae_Fonticula_alba___691883	USER	Kingdom21789_Phylum21788_Class21787_Rotosphaerida_Fonticulaceae_Fonticula_alba
  - Gordionus_sp_m_RMFG_2023	Metazoa_Nematomorpha_Gordioida_Chordodea_Parachordodidae_Gordionus_sp_m_RMFG_2023	Metazoa_Nematomorpha_Gordioida_Chordodea_Parachordodidae_Gordionus_sp_m_RMFG_2023___3053472	NCBI	Metazoa_Nematomorpha_Gordioida_Chordodea_Parachordodidae_Gordionus_sp_m_RMFG_2023
  - Halichondria_panicea	Metazoa_Porifera_Demospongiae_Suberitida_Halichondriidae_Halichondria_panicea	Metazoa_Porifera_Demospongiae_Suberitida_Halichondriidae_Halichondria_panicea___6063	NCBI	Metazoa_Porifera_Demospongiae_Suberitida_Halichondriidae_Halichondria_panicea
  - Haliotis_asinina	Metazoa_Mollusca_Gastropoda_Lepetellida_Haliotidae_Haliotis_asinina	Metazoa_Mollusca_Gastropoda_Lepetellida_Haliotidae_Haliotis_asinina___109174	NCBI	Metazoa_Mollusca_Gastropoda_Lepetellida_Haliotidae_Haliotis_asinina
  - Hoilungia_hongkongensis_H13	Metazoa_Placozoa_Uniplacotomia_Hoilungea_Hoilungidae_Hoilungia_hongkongensis_H13	Metazoa_Placozoa_Uniplacotomia_Hoilungea_Hoilungidae_Hoilungia_hongkongensis_H13___0	USER	NOTINNCBI_NOTINNCBI_NOTINNCBI_NOTINNCBI_NOTINNCBI_Hoilungia_hongkongensis_H13
  - Homo_sapiens	Metazoa_Chordata_Mammalia_Primates_Hominidae_Homo_sapiens	Metazoa_Chordata_Mammalia_Primates_Hominidae_Homo_sapiens___9606	NCBI	Metazoa_Chordata_Mammalia_Primates_Hominidae_Homo_sapiens
  - Hormiphora_californensis	Metazoa_Ctenophora_Tentaculata_Cydippida_Pleurobrachiidae_Hormiphora_californensis	Metazoa_Ctenophora_Tentaculata_Cydippida_Pleurobrachiidae_Hormiphora_californensis___1403702	NCBI	Metazoa_Ctenophora_Tentaculata_Cydippida_Pleurobrachiidae_Hormiphora_californensis
  - Hydra_vulgaris	Metazoa_Cnidaria_Hydrozoa_Anthoathecata_Hydridae_Hydra_vulgaris	Metazoa_Cnidaria_Hydrozoa_Anthoathecata_Hydridae_Hydra_vulgaris___6087	NCBI	Metazoa_Cnidaria_Hydrozoa_Anthoathecata_Hydridae_Hydra_vulgaris
  - Hydractinia_symbiolongicarpus	Metazoa_Cnidaria_Hydrozoa_Anthoathecata_Hydractiniidae_Hydractinia_symbiolongicarpus	Metazoa_Cnidaria_Hydrozoa_Anthoathecata_Hydractiniidae_Hydractinia_symbiolongicarpus___13093	NCBI	Metazoa_Cnidaria_Hydrozoa_Anthoathecata_Hydractiniidae_Hydractinia_symbiolongicarpus
  - Hypsibius_dujardini	Metazoa_Tardigrada_Eutardigrada_Parachela_Hypsibiidae_Hypsibius_dujardini	Metazoa_Tardigrada_Eutardigrada_Parachela_Hypsibiidae_Hypsibius_dujardini___232323	NCBI	Metazoa_Tardigrada_Eutardigrada_Parachela_Hypsibiidae_Hypsibius_dujardini
  - Ichthyophonus_hoferi	HolozoaUNOFFICIAL_Phylum10919UNOFFICIAL_Ichthyosporea_Ichthyophonida_Ichthyophonidae_Ichthyophonus_hoferi	HolozoaUNOFFICIAL_Phylum10919UNOFFICIAL_Ichthyosporea_Ichthyophonida_Ichthyophonidae_Ichthyophonus_hoferi___39843	USER	Kingdom10919_Phylum10918_Ichthyosporea_Ichthyophonida_Ichthyophonidae_Ichthyophonus_hoferi
  - Intoshia_linei	Metazoa_Orthonectida_Class18907_Order18906_Rhopaluridae_Intoshia_linei	Metazoa_Orthonectida_Class18907_Order18906_Rhopaluridae_Intoshia_linei___1819745	NCBI	Metazoa_Orthonectida_Class18907_Order18906_Rhopaluridae_Intoshia_linei
  - Lineus_longissimus	Metazoa_Nemertea_Pilidiophora_Heteronemertea_Lineidae_Lineus_longissimus	Metazoa_Nemertea_Pilidiophora_Heteronemertea_Lineidae_Lineus_longissimus___88925	NCBI	Metazoa_Nemertea_Pilidiophora_Heteronemertea_Lineidae_Lineus_longissimus
  - Lingula_anatina	Metazoa_Brachiopoda_Lingulata_Lingulida_Lingulidae_Lingula_anatina	Metazoa_Brachiopoda_Lingulata_Lingulida_Lingulidae_Lingula_anatina___7574	NCBI	Metazoa_Brachiopoda_Lingulata_Lingulida_Lingulidae_Lingula_anatina
  - Liolophura_japonica	Metazoa_Mollusca_Polyplacophora_Chitonida_Chitonidae_Liolophura_japonica	Metazoa_Mollusca_Polyplacophora_Chitonida_Chitonidae_Liolophura_japonica___13599	NCBI	Metazoa_Mollusca_Polyplacophora_Chitonida_Chitonidae_Liolophura_japonica
  - Lissachatina_fulica	Metazoa_Mollusca_Gastropoda_Stylommatophora_Achatinidae_Lissachatina_fulica	Metazoa_Mollusca_Gastropoda_Stylommatophora_Achatinidae_Lissachatina_fulica___2315439	NCBI	Metazoa_Mollusca_Gastropoda_Stylommatophora_Achatinidae_Lissachatina_fulica
  - Lytechinus_variegatus	Metazoa_Echinodermata_Echinoidea_Temnopleuroida_Toxopneustidae_Lytechinus_variegatus	Metazoa_Echinodermata_Echinoidea_Temnopleuroida_Toxopneustidae_Lytechinus_variegatus___7654	NCBI	Metazoa_Echinodermata_Echinoidea_Temnopleuroida_Toxopneustidae_Lytechinus_variegatus
  - Membranipora_membranacea	Metazoa_Bryozoa_Gymnolaemata_Cheilostomatida_Membraniporidae_Membranipora_membranacea	Metazoa_Bryozoa_Gymnolaemata_Cheilostomatida_Membraniporidae_Membranipora_membranacea___95170	NCBI	Metazoa_Bryozoa_Gymnolaemata_Cheilostomatida_Membraniporidae_Membranipora_membranacea
  - Ministeria_vibrans	HolozoaUNOFFICIAL_Phylum6562UNOFFICIAL_Filasterea_Order6567UNOFFICIAL_Family6566UNOFFICIAL_Ministeria_vibrans	HolozoaUNOFFICIAL_Phylum6562UNOFFICIAL_Filasterea_Order6567UNOFFICIAL_Family6566UNOFFICIAL_Ministeria_vibrans___134558	USER	Kingdom6562_Phylum6561_Filasterea_Order6566_Family6565_Ministeria_vibrans
  - Mnemiopsis_leidyi	Metazoa_Ctenophora_Tentaculata_Lobata_Bolinopsidae_Mnemiopsis_leidyi	Metazoa_Ctenophora_Tentaculata_Lobata_Bolinopsidae_Mnemiopsis_leidyi___27923	NCBI	Metazoa_Ctenophora_Tentaculata_Lobata_Bolinopsidae_Mnemiopsis_leidyi
  - Monosiga_brevicollis_MX1	HolozoaUNOFFICIAL_Phylum6548UNOFFICIAL_Choanoflagellata_Craspedida_Salpingoecidae_Monosiga_brevicollis_MX1	HolozoaUNOFFICIAL_Phylum6548UNOFFICIAL_Choanoflagellata_Craspedida_Salpingoecidae_Monosiga_brevicollis_MX1___431895	USER	Kingdom6548_Phylum6547_Choanoflagellata_Craspedida_Salpingoecidae_Monosiga_brevicollis_MX1
  - Nautilus_pompilius	Metazoa_Mollusca_Cephalopoda_Nautilida_Nautilidae_Nautilus_pompilius	Metazoa_Mollusca_Cephalopoda_Nautilida_Nautilidae_Nautilus_pompilius___34573	NCBI	Metazoa_Mollusca_Cephalopoda_Nautilida_Nautilidae_Nautilus_pompilius
  - Nematostella_vectensis	Metazoa_Cnidaria_Anthozoa_Actiniaria_Edwardsiidae_Nematostella_vectensis	Metazoa_Cnidaria_Anthozoa_Actiniaria_Edwardsiidae_Nematostella_vectensis___45351	NCBI	Metazoa_Cnidaria_Anthozoa_Actiniaria_Edwardsiidae_Nematostella_vectensis
  - Octopus_bimaculoides	Metazoa_Mollusca_Cephalopoda_Octopoda_Octopodidae_Octopus_bimaculoides	Metazoa_Mollusca_Cephalopoda_Octopoda_Octopodidae_Octopus_bimaculoides___37653	NCBI	Metazoa_Mollusca_Cephalopoda_Octopoda_Octopodidae_Octopus_bimaculoides
  - Oscarella_lobularis	Metazoa_Porifera_Homoscleromorpha_Homosclerophorida_Oscarellidae_Oscarella_lobularis	Metazoa_Porifera_Homoscleromorpha_Homosclerophorida_Oscarellidae_Oscarella_lobularis___121494	NCBI	Metazoa_Porifera_Homoscleromorpha_Homosclerophorida_Oscarellidae_Oscarella_lobularis
  - Parvularia_atlantis	HolomycotaUNOFFICIAL_Phylum21789UNOFFICIAL_Class21788UNOFFICIAL_Rotosphaerida_Family21793UNOFFICIAL_Parvularia_atlantis	HolomycotaUNOFFICIAL_Phylum21789UNOFFICIAL_Class21788UNOFFICIAL_Rotosphaerida_Family21793UNOFFICIAL_Parvularia_atlantis___1993908	USER	Kingdom21789_Phylum21788_Class21787_Rotosphaerida_Family21792_Parvularia_atlantis
  - Patella_vulgata	Metazoa_Mollusca_Gastropoda_Order20073_Patellidae_Patella_vulgata	Metazoa_Mollusca_Gastropoda_Order20073_Patellidae_Patella_vulgata___6465	NCBI	Metazoa_Mollusca_Gastropoda_Order20073_Patellidae_Patella_vulgata
  - Phoronis_australis	Metazoa_Phoronida_Class20284_Order20283_Phoronidae_Phoronis_australis	Metazoa_Phoronida_Class20284_Order20283_Phoronidae_Phoronis_australis___115415	NCBI	Metazoa_Phoronida_Class20284_Order20283_Phoronidae_Phoronis_australis
  - Pictodentalium_vernedei	Metazoa_Mollusca_Scaphopoda_Dentaliida_Dentaliidae_Pictodentalium_vernedei	Metazoa_Mollusca_Scaphopoda_Dentaliida_Dentaliidae_Pictodentalium_vernedei___2996714	NCBI	Metazoa_Mollusca_Scaphopoda_Dentaliida_Dentaliidae_Pictodentalium_vernedei
  - Pigoraptor_chileana	HolozoaUNOFFICIAL_Phylum6562UNOFFICIAL_Filasterea_Order6569UNOFFICIAL_Family6568UNOFFICIAL_Pigoraptor_chileana	HolozoaUNOFFICIAL_Phylum6562UNOFFICIAL_Filasterea_Order6569UNOFFICIAL_Family6568UNOFFICIAL_Pigoraptor_chileana___2006546	USER	Kingdom6562_Phylum6561_Filasterea_Order6568_Family6567_Pigoraptor_chileana
  - Pigoraptor_vietnamica	HolozoaUNOFFICIAL_Phylum6562UNOFFICIAL_Filasterea_Order6569UNOFFICIAL_Family6568UNOFFICIAL_Pigoraptor_vietnamica	HolozoaUNOFFICIAL_Phylum6562UNOFFICIAL_Filasterea_Order6569UNOFFICIAL_Family6568UNOFFICIAL_Pigoraptor_vietnamica___2006545	USER	Kingdom6562_Phylum6561_Filasterea_Order6568_Family6567_Pigoraptor_vietnamica
  - Pirum_gemmata	HolozoaUNOFFICIAL_Phylum10919UNOFFICIAL_Ichthyosporea_Order10945UNOFFICIAL_Family10944UNOFFICIAL_Pirum_gemmata	HolozoaUNOFFICIAL_Phylum10919UNOFFICIAL_Ichthyosporea_Order10945UNOFFICIAL_Family10944UNOFFICIAL_Pirum_gemmata___749231	USER	Kingdom10919_Phylum10918_Ichthyosporea_Order10944_Family10943_Pirum_gemmata
  - Pleurobrachia_bachei	Metazoa_Ctenophora_Tentaculata_Cydippida_Pleurobrachiidae_Pleurobrachia_bachei	Metazoa_Ctenophora_Tentaculata_Cydippida_Pleurobrachiidae_Pleurobrachia_bachei___34499	NCBI	Metazoa_Ctenophora_Tentaculata_Cydippida_Pleurobrachiidae_Pleurobrachia_bachei
  - Pocillopora_verrucosa	Metazoa_Cnidaria_Anthozoa_Scleractinia_Pocilloporidae_Pocillopora_verrucosa	Metazoa_Cnidaria_Anthozoa_Scleractinia_Pocilloporidae_Pocillopora_verrucosa___203993	NCBI	Metazoa_Cnidaria_Anthozoa_Scleractinia_Pocilloporidae_Pocillopora_verrucosa
  - Pomacea_canaliculata	Metazoa_Mollusca_Gastropoda_Architaenioglossa_Ampullariidae_Pomacea_canaliculata	Metazoa_Mollusca_Gastropoda_Architaenioglossa_Ampullariidae_Pomacea_canaliculata___400727	NCBI	Metazoa_Mollusca_Gastropoda_Architaenioglossa_Ampullariidae_Pomacea_canaliculata
  - Priapulus_caudatus	Metazoa_Priapulida_Priapulimorpha_Priapulimorphida_Priapulidae_Priapulus_caudatus	Metazoa_Priapulida_Priapulimorpha_Priapulimorphida_Priapulidae_Priapulus_caudatus___37621	NCBI	Metazoa_Priapulida_Priapulimorpha_Priapulimorphida_Priapulidae_Priapulus_caudatus
  - Salpingoeca_rosetta	HolozoaUNOFFICIAL_Phylum6548UNOFFICIAL_Choanoflagellata_Craspedida_Salpingoecidae_Salpingoeca_rosetta	HolozoaUNOFFICIAL_Phylum6548UNOFFICIAL_Choanoflagellata_Craspedida_Salpingoecidae_Salpingoeca_rosetta___946362	USER	Kingdom6548_Phylum6547_Choanoflagellata_Craspedida_Salpingoecidae_Salpingoeca_rosetta
  - Schizocardium_californicum	Metazoa_Hemichordata_Enteropneusta_Order13443_Spengelidae_Schizocardium_californicum	Metazoa_Hemichordata_Enteropneusta_Order13443_Spengelidae_Schizocardium_californicum___1443244	NCBI	Metazoa_Hemichordata_Enteropneusta_Order13443_Spengelidae_Schizocardium_californicum
  - Schmidtea_mediterranea	Metazoa_Platyhelminthes_Rhabditophora_Tricladida_Dugesiidae_Schmidtea_mediterranea	Metazoa_Platyhelminthes_Rhabditophora_Tricladida_Dugesiidae_Schmidtea_mediterranea___79327	NCBI	Metazoa_Platyhelminthes_Rhabditophora_Tricladida_Dugesiidae_Schmidtea_mediterranea
  - Sphaeroforma_arctica	HolozoaUNOFFICIAL_Phylum10919UNOFFICIAL_Ichthyosporea_Ichthyophonida_Family10942UNOFFICIAL_Sphaeroforma_arctica	HolozoaUNOFFICIAL_Phylum10919UNOFFICIAL_Ichthyosporea_Ichthyophonida_Family10942UNOFFICIAL_Sphaeroforma_arctica___72019	USER	Kingdom10919_Phylum10918_Ichthyosporea_Ichthyophonida_Family10941_Sphaeroforma_arctica
  - Styela_plicata	Metazoa_Chordata_Ascidiacea_Stolidobranchia_Styelidae_Styela_plicata	Metazoa_Chordata_Ascidiacea_Stolidobranchia_Styelidae_Styela_plicata___7726	NCBI	Metazoa_Chordata_Ascidiacea_Stolidobranchia_Styelidae_Styela_plicata
  - Sycon_ciliatum	Metazoa_Porifera_Calcarea_Leucosolenida_Sycettidae_Sycon_ciliatum	Metazoa_Porifera_Calcarea_Leucosolenida_Sycettidae_Sycon_ciliatum___27933	NCBI	Metazoa_Porifera_Calcarea_Leucosolenida_Sycettidae_Sycon_ciliatum
  - Symsagittifera_roscoffensis	Metazoa_Xenacoelomorpha_Class20917_Acoela_Sagittiferidae_Symsagittifera_roscoffensis	Metazoa_Xenacoelomorpha_Class20917_Acoela_Sagittiferidae_Symsagittifera_roscoffensis___84072	NCBI	Metazoa_Xenacoelomorpha_Class20917_Acoela_Sagittiferidae_Symsagittifera_roscoffensis
  - Trichoplax_adhaerens	Metazoa_Placozoa_Uniplacotomia_Trichoplacea_Trichoplacidae_Trichoplax_adhaerens	Metazoa_Placozoa_Uniplacotomia_Trichoplacea_Trichoplacidae_Trichoplax_adhaerens___10228	NCBI	Metazoa_Placozoa_Uniplacotomia_Trichoplacea_Trichoplacidae_Trichoplax_adhaerens
  - Trichoplax_sp_H2	Metazoa_Placozoa_Uniplacotomia_Trichoplacea_Trichoplacidae_Trichoplax_sp_H2	Metazoa_Placozoa_Uniplacotomia_Trichoplacea_Trichoplacidae_Trichoplax_sp_H2___287889	NCBI	Metazoa_Placozoa_Uniplacotomia_Trichoplacea_Trichoplacidae_Trichoplax_sp_H2
  - Urechis_unicinctus	Metazoa_Annelida_Polychaeta_Xenopneusta_Urechidae_Urechis_unicinctus	Metazoa_Annelida_Polychaeta_Xenopneusta_Urechidae_Urechis_unicinctus___6432	NCBI	Metazoa_Annelida_Polychaeta_Xenopneusta_Urechidae_Urechis_unicinctus

## Output

Output File:    final_project_mapping.tsv
Species Mapped: 71

Sample Mappings (first 3):
  Abeoforma_whisleri → HolozoaUNOFFICIAL_Phylum10919UNOFFICIAL_Ichthyosporea_Ichthyophonida_Family10932UNOFFICIAL_Abeoforma_whisleri
  Acropora_muricata → Metazoa_Cnidaria_Anthozoa_Scleractinia_Acroporidae_Acropora_muricata
  Adineta_vaga → Metazoa_Rotifera_Eurotatoria_Adinetida_Adinetidae_Adineta_vaga

## Workflow Details

Pipeline: phylonames (workflow-COPYME-generate_phylonames)
Scripts executed:
  1. 001_ai-bash-download_ncbi_taxonomy.sh
  2. 002_ai-python-generate_phylonames.py
  3. 003_ai-python-create_species_mapping.py

================================================================================
Log written to: /blue/moroz/share/edsinger/projects/ai_ctenophores/github-gigantic_1/GIGANTIC/gigantic_project-COPYME/research_notebook/research_ai/subproject-phylonames/logs/run_20260305_224654-phylonames_success.log
================================================================================
